2021-06-03 14:44:18,437 - __main__ - INFO - Error detected
Traceback (most recent call last):
  File "C:\Work\Работа\Питон\COVID_19_ 9880\Проверка_модуля_экспресс_тестирования_на_выполнение_команд\Express_test_status.py", line 31, in genlog
    self.express_test_status()
  File "C:\Work\Работа\Питон\COVID_19_ 9880\Проверка_модуля_экспресс_тестирования_на_выполнение_команд\Express_test_status.py", line 56, in express_test_status
    assert driver.find_element_by_css_selector("#expressForm\:j_idt69").text == iss
AssertionError
